# JRE version: OpenJDK Runtime Environment (8.0_152-b01) (build 1.8.0_152-release-1024-b01)
# Java VM: OpenJDK 64-Bit Server VM (25.152-b01 mixed mode linux-amd64 compressed oops)
Heap:
 PSYoungGen      total 177664K, used 2544K [0x00000000eab00000, 0x0000000100000000, 0x0000000100000000)
  eden space 175104K, 0% used [0x00000000eab00000,0x00000000eab00000,0x00000000f5600000)
  from space 2560K, 99% used [0x00000000f5600000,0x00000000f587c210,0x00000000f5880000)
  to   space 88576K, 0% used [0x00000000fa980000,0x00000000fa980000,0x0000000100000000)
 ParOldGen       total 150016K, used 93926K [0x00000000c0000000, 0x00000000c9280000, 0x00000000eab00000)
  object space 150016K, 62% used [0x00000000c0000000,0x00000000c5bb9a70,0x00000000c9280000)
 Metaspace       used 71393K, capacity 74833K, committed 75160K, reserved 1116160K
  class space    used 8091K, capacity 9024K, committed 9136K, reserved 1048576K
GC Heap History (10 events):
Event: 1899.580 GC heap after
Heap after GC invocations=27 (full 4):
 PSYoungGen      total 233984K, used 42031K [0x00000000eab00000, 0x00000000fe200000, 0x0000000100000000)
  eden space 161792K, 0% used [0x00000000eab00000,0x00000000eab00000,0x00000000f4900000)
  from space 72192K, 58% used [0x00000000f4900000,0x00000000f720bd58,0x00000000f8f80000)
  to   space 71168K, 0% used [0x00000000f9c80000,0x00000000f9c80000,0x00000000fe200000)
 ParOldGen       total 150016K, used 72486K [0x00000000c0000000, 0x00000000c9280000, 0x00000000eab00000)
  object space 150016K, 48% used [0x00000000c0000000,0x00000000c46c99a0,0x00000000c9280000)
 Metaspace       used 69981K, capacity 73315K, committed 73496K, reserved 1114112K
  class space    used 8029K, capacity 8915K, committed 9008K, reserved 1048576K
}
Event: 2367.545 GC heap before
{Heap before GC invocations=28 (full 4):
 PSYoungGen      total 233984K, used 203823K [0x00000000eab00000, 0x00000000fe200000, 0x0000000100000000)
  eden space 161792K, 100% used [0x00000000eab00000,0x00000000f4900000,0x00000000f4900000)
  from space 72192K, 58% used [0x00000000f4900000,0x00000000f720bd58,0x00000000f8f80000)
  to   space 71168K, 0% used [0x00000000f9c80000,0x00000000f9c80000,0x00000000fe200000)
 ParOldGen       total 150016K, used 72486K [0x00000000c0000000, 0x00000000c9280000, 0x00000000eab00000)
  object space 150016K, 48% used [0x00000000c0000000,0x00000000c46c99a0,0x00000000c9280000)
 Metaspace       used 70449K, capacity 73855K, committed 74008K, reserved 1114112K
  class space    used 8074K, capacity 8987K, committed 9008K, reserved 1048576K
Event: 2367.628 GC heap after
Heap after GC invocations=28 (full 4):
 PSYoungGen      total 214528K, used 55814K [0x00000000eab00000, 0x00000000fd580000, 0x0000000100000000)
  eden space 156160K, 0% used [0x00000000eab00000,0x00000000eab00000,0x00000000f4380000)
  from space 58368K, 95% used [0x00000000f9c80000,0x00000000fd301900,0x00000000fd580000)
  to   space 74752K, 0% used [0x00000000f4380000,0x00000000f4380000,0x00000000f8c80000)
 ParOldGen       total 150016K, used 72494K [0x00000000c0000000, 0x00000000c9280000, 0x00000000eab00000)
  object space 150016K, 48% used [0x00000000c0000000,0x00000000c46cb9a0,0x00000000c9280000)
 Metaspace       used 70449K, capacity 73855K, committed 74008K, reserved 1114112K
  class space    used 8074K, capacity 8987K, committed 9008K, reserved 1048576K
}
Event: 2369.773 GC heap before
{Heap before GC invocations=29 (full 4):
 PSYoungGen      total 214528K, used 211974K [0x00000000eab00000, 0x00000000fd580000, 0x0000000100000000)
  eden space 156160K, 100% used [0x00000000eab00000,0x00000000f4380000,0x00000000f4380000)
  from space 58368K, 95% used [0x00000000f9c80000,0x00000000fd301900,0x00000000fd580000)
  to   space 74752K, 0% used [0x00000000f4380000,0x00000000f4380000,0x00000000f8c80000)
 ParOldGen       total 150016K, used 72494K [0x00000000c0000000, 0x00000000c9280000, 0x00000000eab00000)
  object space 150016K, 48% used [0x00000000c0000000,0x00000000c46cb9a0,0x00000000c9280000)
 Metaspace       used 70556K, capacity 73995K, committed 74264K, reserved 1114112K
  class space    used 8076K, capacity 8989K, committed 9008K, reserved 1048576K
Event: 2369.935 GC heap after
Heap after GC invocations=29 (full 4):
 PSYoungGen      total 230912K, used 65119K [0x00000000eab00000, 0x00000000ff980000, 0x0000000100000000)
  eden space 156160K, 0% used [0x00000000eab00000,0x00000000eab00000,0x00000000f4380000)
  from space 74752K, 87% used [0x00000000f4380000,0x00000000f8317fc8,0x00000000f8c80000)
  to   space 81408K, 0% used [0x00000000faa00000,0x00000000faa00000,0x00000000ff980000)
 ParOldGen       total 150016K, used 72494K [0x00000000c0000000, 0x00000000c9280000, 0x00000000eab00000)
  object space 150016K, 48% used [0x00000000c0000000,0x00000000c46cb9a0,0x00000000c9280000)
 Metaspace       used 70556K, capacity 73995K, committed 74264K, reserved 1114112K
  class space    used 8076K, capacity 8989K, committed 9008K, reserved 1048576K
}
Event: 2372.165 GC heap before
{Heap before GC invocations=30 (full 4):
 PSYoungGen      total 230912K, used 221279K [0x00000000eab00000, 0x00000000ff980000, 0x0000000100000000)
  eden space 156160K, 100% used [0x00000000eab00000,0x00000000f4380000,0x00000000f4380000)
  from space 74752K, 87% used [0x00000000f4380000,0x00000000f8317fc8,0x00000000f8c80000)
  to   space 81408K, 0% used [0x00000000faa00000,0x00000000faa00000,0x00000000ff980000)
 ParOldGen       total 150016K, used 72494K [0x00000000c0000000, 0x00000000c9280000, 0x00000000eab00000)
  object space 150016K, 48% used [0x00000000c0000000,0x00000000c46cb9a0,0x00000000c9280000)
 Metaspace       used 71281K, capacity 74693K, committed 74904K, reserved 1116160K
  class space    used 8090K, capacity 9022K, committed 9136K, reserved 1048576K
Event: 2372.254 GC heap after
Heap after GC invocations=30 (full 4):
 PSYoungGen      total 256512K, used 64461K [0x00000000eab00000, 0x00000000ffe80000, 0x0000000100000000)
  eden space 175104K, 0% used [0x00000000eab00000,0x00000000eab00000,0x00000000f5600000)
  from space 81408K, 79% used [0x00000000faa00000,0x00000000fe8f3500,0x00000000ff980000)
  to   space 86016K, 0% used [0x00000000f5600000,0x00000000f5600000,0x00000000faa00000)
 ParOldGen       total 150016K, used 76100K [0x00000000c0000000, 0x00000000c9280000, 0x00000000eab00000)
  object space 150016K, 50% used [0x00000000c0000000,0x00000000c4a51328,0x00000000c9280000)
 Metaspace       used 71281K, capacity 74693K, committed 74904K, reserved 1116160K
  class space    used 8090K, capacity 9022K, committed 9136K, reserved 1048576K
}
Event: 3613.676 GC heap before
{Heap before GC invocations=31 (full 4):
 PSYoungGen      total 256512K, used 135368K [0x00000000eab00000, 0x00000000ffe80000, 0x0000000100000000)
  eden space 175104K, 40% used [0x00000000eab00000,0x00000000ef03eb70,0x00000000f5600000)
  from space 81408K, 79% used [0x00000000faa00000,0x00000000fe8f3500,0x00000000ff980000)
  to   space 86016K, 0% used [0x00000000f5600000,0x00000000f5600000,0x00000000faa00000)
 ParOldGen       total 150016K, used 76100K [0x00000000c0000000, 0x00000000c9280000, 0x00000000eab00000)
  object space 150016K, 50% used [0x00000000c0000000,0x00000000c4a51328,0x00000000c9280000)
 Metaspace       used 71393K, capacity 74833K, committed 75160K, reserved 1116160K
  class space    used 8091K, capacity 9024K, committed 9136K, reserved 1048576K
Event: 3613.707 GC heap after
Heap after GC invocations=31 (full 4):
 PSYoungGen      total 177664K, used 2544K [0x00000000eab00000, 0x0000000100000000, 0x0000000100000000)
  eden space 175104K, 0% used [0x00000000eab00000,0x00000000eab00000,0x00000000f5600000)
  from space 2560K, 99% used [0x00000000f5600000,0x00000000f587c210,0x00000000f5880000)
  to   space 88576K, 0% used [0x00000000fa980000,0x00000000fa980000,0x0000000100000000)
 ParOldGen       total 150016K, used 93926K [0x00000000c0000000, 0x00000000c9280000, 0x00000000eab00000)
  object space 150016K, 62% used [0x00000000c0000000,0x00000000c5bb9a70,0x00000000c9280000)
 Metaspace       used 71393K, capacity 74833K, committed 75160K, reserved 1116160K
  class space    used 8091K, capacity 9024K, committed 9136K, reserved 1048576K
}
Event: 3613.707 GC heap before
{Heap before GC invocations=32 (full 5):
 PSYoungGen      total 177664K, used 2544K [0x00000000eab00000, 0x0000000100000000, 0x0000000100000000)
  eden space 175104K, 0% used [0x00000000eab00000,0x00000000eab00000,0x00000000f5600000)
  from space 2560K, 99% used [0x00000000f5600000,0x00000000f587c210,0x00000000f5880000)
  to   space 88576K, 0% used [0x00000000fa980000,0x00000000fa980000,0x0000000100000000)
 ParOldGen       total 150016K, used 93926K [0x00000000c0000000, 0x00000000c9280000, 0x00000000eab00000)
  object space 150016K, 62% used [0x00000000c0000000,0x00000000c5bb9a70,0x00000000c9280000)
 Metaspace       used 71393K, capacity 74833K, committed 75160K, reserved 1116160K
  class space    used 8091K, capacity 9024K, committed 9136K, reserved 1048576K

